{"/Volumes/Extreme SSD/projects/signing-service-challenge-ts/src/api/createSignatureDevice.ts": {"path":"/Volumes/Extreme SSD/projects/signing-service-challenge-ts/src/api/createSignatureDevice.ts","statementMap":{"0":{"start":{"line":1,"column":0},"end":{"line":1,"column":64}},"1":{"start":{"line":11,"column":2},"end":{"line":13,"column":null}},"2":{"start":{"line":12,"column":4},"end":{"line":12,"column":45}},"3":{"start":{"line":15,"column":2},"end":{"line":17,"column":null}},"4":{"start":{"line":16,"column":4},"end":{"line":16,"column":69}},"5":{"start":{"line":19,"column":2},"end":{"line":21,"column":null}},"6":{"start":{"line":20,"column":4},"end":{"line":20,"column":41}},"7":{"start":{"line":22,"column":17},"end":{"line":22,"column":48}},"8":{"start":{"line":24,"column":2},"end":{"line":26,"column":null}},"9":{"start":{"line":25,"column":4},"end":{"line":25,"column":45}},"10":{"start":{"line":28,"column":16},"end":{"line":28,"column":29}},"11":{"start":{"line":29,"column":2},"end":{"line":34,"column":null}},"12":{"start":{"line":30,"column":4},"end":{"line":30,"column":47}},"13":{"start":{"line":32,"column":4},"end":{"line":32,"column":19}},"14":{"start":{"line":33,"column":4},"end":{"line":33,"column":48}},"15":{"start":{"line":36,"column":2},"end":{"line":48,"column":null}},"16":{"start":{"line":37,"column":4},"end":{"line":44,"column":7}},"17":{"start":{"line":46,"column":4},"end":{"line":46,"column":19}},"18":{"start":{"line":47,"column":4},"end":{"line":47,"column":65}},"19":{"start":{"line":50,"column":2},"end":{"line":53,"column":4}},"20":{"start":{"line":5,"column":0},"end":{"line":5,"column":7}}},"fnMap":{"0":{"name":"createSignatureDevice","decl":{"start":{"line":5,"column":22},"end":{"line":5,"column":43}},"loc":{"start":{"line":9,"column":16},"end":{"line":54,"column":1}}}},"branchMap":{"0":{"loc":{"start":{"line":11,"column":2},"end":{"line":13,"column":null}},"type":"if","locations":[{"start":{"line":11,"column":2},"end":{"line":13,"column":null}}]},"1":{"loc":{"start":{"line":11,"column":6},"end":{"line":11,"column":38}},"type":"binary-expr","locations":[{"start":{"line":11,"column":6},"end":{"line":11,"column":15}},{"start":{"line":11,"column":19},"end":{"line":11,"column":38}}]},"2":{"loc":{"start":{"line":15,"column":2},"end":{"line":17,"column":null}},"type":"if","locations":[{"start":{"line":15,"column":2},"end":{"line":17,"column":null}}]},"3":{"loc":{"start":{"line":15,"column":6},"end":{"line":15,"column":32}},"type":"binary-expr","locations":[{"start":{"line":15,"column":6},"end":{"line":15,"column":11}},{"start":{"line":15,"column":15},"end":{"line":15,"column":32}}]},"4":{"loc":{"start":{"line":19,"column":2},"end":{"line":21,"column":null}},"type":"if","locations":[{"start":{"line":19,"column":2},"end":{"line":21,"column":null}}]},"5":{"loc":{"start":{"line":19,"column":6},"end":{"line":19,"column":47}},"type":"binary-expr","locations":[{"start":{"line":19,"column":6},"end":{"line":19,"column":24}},{"start":{"line":19,"column":28},"end":{"line":19,"column":47}}]},"6":{"loc":{"start":{"line":24,"column":2},"end":{"line":26,"column":null}},"type":"if","locations":[{"start":{"line":24,"column":2},"end":{"line":26,"column":null}}]}},"s":{"0":1,"1":4,"2":1,"3":3,"4":1,"5":2,"6":0,"7":2,"8":2,"9":1,"10":1,"11":1,"12":1,"13":0,"14":0,"15":1,"16":1,"17":0,"18":0,"19":1,"20":1},"f":{"0":4},"b":{"0":[1],"1":[4,3],"2":[1],"3":[3,1],"4":[0],"5":[2,0],"6":[1]}}
,"/Volumes/Extreme SSD/projects/signing-service-challenge-ts/src/api/signTransaction.ts": {"path":"/Volumes/Extreme SSD/projects/signing-service-challenge-ts/src/api/signTransaction.ts","statementMap":{"0":{"start":{"line":1,"column":0},"end":{"line":1,"column":68}},"1":{"start":{"line":3,"column":0},"end":{"line":3,"column":42}},"2":{"start":{"line":4,"column":0},"end":{"line":4,"column":46}},"3":{"start":{"line":12,"column":2},"end":{"line":14,"column":null}},"4":{"start":{"line":13,"column":4},"end":{"line":13,"column":40}},"5":{"start":{"line":16,"column":2},"end":{"line":18,"column":null}},"6":{"start":{"line":17,"column":4},"end":{"line":17,"column":36}},"7":{"start":{"line":20,"column":17},"end":{"line":20,"column":48}},"8":{"start":{"line":22,"column":2},"end":{"line":24,"column":null}},"9":{"start":{"line":23,"column":4},"end":{"line":23,"column":40}},"10":{"start":{"line":27,"column":2},"end":{"line":36,"column":null}},"11":{"start":{"line":29,"column":6},"end":{"line":29,"column":33}},"12":{"start":{"line":30,"column":6},"end":{"line":30,"column":12}},"13":{"start":{"line":32,"column":6},"end":{"line":32,"column":31}},"14":{"start":{"line":33,"column":6},"end":{"line":33,"column":12}},"15":{"start":{"line":35,"column":6},"end":{"line":35,"column":49}},"16":{"start":{"line":38,"column":18},"end":{"line":38,"column":31}},"17":{"start":{"line":39,"column":2},"end":{"line":47,"column":null}},"18":{"start":{"line":40,"column":4},"end":{"line":43,"column":null}},"19":{"start":{"line":41,"column":6},"end":{"line":41,"column":42}},"20":{"start":{"line":42,"column":6},"end":{"line":42,"column":40}},"21":{"start":{"line":45,"column":4},"end":{"line":45,"column":19}},"22":{"start":{"line":46,"column":4},"end":{"line":46,"column":48}},"23":{"start":{"line":49,"column":27},"end":{"line":49,"column":50}},"24":{"start":{"line":51,"column":4},"end":{"line":51,"column":69}},"25":{"start":{"line":53,"column":32},"end":{"line":53,"column":78}},"26":{"start":{"line":54,"column":20},"end":{"line":54,"column":63}},"27":{"start":{"line":56,"column":2},"end":{"line":65,"column":null}},"28":{"start":{"line":57,"column":4},"end":{"line":61,"column":7}},"29":{"start":{"line":63,"column":4},"end":{"line":63,"column":19}},"30":{"start":{"line":64,"column":4},"end":{"line":64,"column":65}},"31":{"start":{"line":67,"column":2},"end":{"line":70,"column":4}},"32":{"start":{"line":7,"column":0},"end":{"line":7,"column":7}}},"fnMap":{"0":{"name":"signTransaction","decl":{"start":{"line":7,"column":22},"end":{"line":7,"column":37}},"loc":{"start":{"line":10,"column":26},"end":{"line":71,"column":1}}}},"branchMap":{"0":{"loc":{"start":{"line":12,"column":2},"end":{"line":14,"column":null}},"type":"if","locations":[{"start":{"line":12,"column":2},"end":{"line":14,"column":null}}]},"1":{"loc":{"start":{"line":12,"column":6},"end":{"line":12,"column":38}},"type":"binary-expr","locations":[{"start":{"line":12,"column":6},"end":{"line":12,"column":15}},{"start":{"line":12,"column":19},"end":{"line":12,"column":38}}]},"2":{"loc":{"start":{"line":16,"column":2},"end":{"line":18,"column":null}},"type":"if","locations":[{"start":{"line":16,"column":2},"end":{"line":18,"column":null}}]},"3":{"loc":{"start":{"line":16,"column":6},"end":{"line":16,"column":30}},"type":"binary-expr","locations":[{"start":{"line":16,"column":6},"end":{"line":16,"column":11}},{"start":{"line":16,"column":15},"end":{"line":16,"column":30}}]},"4":{"loc":{"start":{"line":22,"column":2},"end":{"line":24,"column":null}},"type":"if","locations":[{"start":{"line":22,"column":2},"end":{"line":24,"column":null}}]},"5":{"loc":{"start":{"line":27,"column":2},"end":{"line":36,"column":null}},"type":"switch","locations":[{"start":{"line":28,"column":4},"end":{"line":30,"column":12}},{"start":{"line":31,"column":4},"end":{"line":33,"column":12}},{"start":{"line":34,"column":4},"end":{"line":35,"column":49}}]},"6":{"loc":{"start":{"line":40,"column":4},"end":{"line":43,"column":null}},"type":"if","locations":[{"start":{"line":40,"column":4},"end":{"line":43,"column":null}}]},"7":{"loc":{"start":{"line":40,"column":8},"end":{"line":40,"column":45}},"type":"binary-expr","locations":[{"start":{"line":40,"column":8},"end":{"line":40,"column":25}},{"start":{"line":40,"column":29},"end":{"line":40,"column":45}}]},"8":{"loc":{"start":{"line":51,"column":4},"end":{"line":51,"column":69}},"type":"binary-expr","locations":[{"start":{"line":51,"column":4},"end":{"line":51,"column":24}},{"start":{"line":51,"column":28},"end":{"line":51,"column":69}}]}},"s":{"0":1,"1":1,"2":1,"3":4,"4":1,"5":3,"6":1,"7":2,"8":2,"9":1,"10":1,"11":1,"12":1,"13":0,"14":0,"15":0,"16":1,"17":1,"18":1,"19":1,"20":1,"21":0,"22":0,"23":1,"24":1,"25":1,"26":1,"27":1,"28":1,"29":0,"30":0,"31":1,"32":1},"f":{"0":4},"b":{"0":[1],"1":[4,3],"2":[1],"3":[3,2],"4":[1],"5":[1,0,0],"6":[1],"7":[1,1],"8":[1,1]}}
,"/Volumes/Extreme SSD/projects/signing-service-challenge-ts/src/crypto/ecdsa.ts": {"path":"/Volumes/Extreme SSD/projects/signing-service-challenge-ts/src/crypto/ecdsa.ts","statementMap":{"0":{"start":{"line":2,"column":0},"end":{"line":2,"column":28}},"1":{"start":{"line":7,"column":4},"end":{"line":19,"column":null}},"2":{"start":{"line":8,"column":21},"end":{"line":11,"column":null}},"3":{"start":{"line":13,"column":22},"end":{"line":13,"column":51}},"4":{"start":{"line":14,"column":6},"end":{"line":14,"column":61}},"5":{"start":{"line":15,"column":6},"end":{"line":15,"column":42}},"6":{"start":{"line":17,"column":6},"end":{"line":17,"column":21}},"7":{"start":{"line":18,"column":6},"end":{"line":18,"column":14}},"8":{"start":{"line":5,"column":0},"end":{"line":5,"column":13}}},"fnMap":{"0":{"name":"(anonymous_1)","decl":{"start":{"line":6,"column":2},"end":{"line":6,"column":6}},"loc":{"start":{"line":6,"column":47},"end":{"line":20,"column":3}}}},"branchMap":{},"s":{"0":1,"1":1,"2":1,"3":1,"4":1,"5":1,"6":0,"7":0,"8":1},"f":{"0":1},"b":{}}
,"/Volumes/Extreme SSD/projects/signing-service-challenge-ts/src/crypto/generation.ts": {"path":"/Volumes/Extreme SSD/projects/signing-service-challenge-ts/src/crypto/generation.ts","statementMap":{"0":{"start":{"line":1,"column":0},"end":{"line":1,"column":80}},"1":{"start":{"line":8,"column":33},"end":{"line":46,"column":1}},"2":{"start":{"line":9,"column":58},"end":{"line":19,"column":4}},"3":{"start":{"line":21,"column":2},"end":{"line":45,"column":5}},"4":{"start":{"line":22,"column":4},"end":{"line":44,"column":null}},"5":{"start":{"line":23,"column":6},"end":{"line":40,"column":9}},"6":{"start":{"line":24,"column":8},"end":{"line":28,"column":null}},"7":{"start":{"line":25,"column":10},"end":{"line":27,"column":12}},"8":{"start":{"line":30,"column":33},"end":{"line":33,"column":10}},"9":{"start":{"line":38,"column":8},"end":{"line":38,"column":55}},"10":{"start":{"line":39,"column":8},"end":{"line":39,"column":25}},"11":{"start":{"line":42,"column":6},"end":{"line":42,"column":53}},"12":{"start":{"line":43,"column":6},"end":{"line":43,"column":16}},"13":{"start":{"line":8,"column":13},"end":{"line":8,"column":33}},"14":{"start":{"line":48,"column":34},"end":{"line":85,"column":1}},"15":{"start":{"line":49,"column":59},"end":{"line":62,"column":4}},"16":{"start":{"line":64,"column":2},"end":{"line":84,"column":5}},"17":{"start":{"line":65,"column":4},"end":{"line":83,"column":null}},"18":{"start":{"line":66,"column":6},"end":{"line":79,"column":9}},"19":{"start":{"line":67,"column":8},"end":{"line":71,"column":null}},"20":{"start":{"line":68,"column":10},"end":{"line":70,"column":12}},"21":{"start":{"line":73,"column":33},"end":{"line":76,"column":10}},"22":{"start":{"line":77,"column":8},"end":{"line":77,"column":56}},"23":{"start":{"line":78,"column":8},"end":{"line":78,"column":25}},"24":{"start":{"line":81,"column":6},"end":{"line":81,"column":54}},"25":{"start":{"line":82,"column":6},"end":{"line":82,"column":16}},"26":{"start":{"line":48,"column":13},"end":{"line":48,"column":34}},"27":{"start":{"line":88,"column":2},"end":{"line":94,"column":null}},"28":{"start":{"line":89,"column":4},"end":{"line":89,"column":32}},"29":{"start":{"line":90,"column":9},"end":{"line":94,"column":null}},"30":{"start":{"line":91,"column":4},"end":{"line":91,"column":31}},"31":{"start":{"line":93,"column":4},"end":{"line":93,"column":62}},"32":{"start":{"line":87,"column":0},"end":{"line":87,"column":24}}},"fnMap":{"0":{"name":"(anonymous_1)","decl":{"start":{"line":8,"column":33},"end":{"line":8,"column":54}},"loc":{"start":{"line":8,"column":56},"end":{"line":46,"column":1}}},"1":{"name":"(anonymous_2)","decl":{"start":{"line":21,"column":30},"end":{"line":21,"column":31}},"loc":{"start":{"line":21,"column":50},"end":{"line":45,"column":3}}},"2":{"name":"(anonymous_3)","decl":{"start":{"line":23,"column":44},"end":{"line":23,"column":45}},"loc":{"start":{"line":23,"column":75},"end":{"line":40,"column":7}}},"3":{"name":"(anonymous_4)","decl":{"start":{"line":48,"column":34},"end":{"line":48,"column":55}},"loc":{"start":{"line":48,"column":57},"end":{"line":85,"column":1}}},"4":{"name":"(anonymous_5)","decl":{"start":{"line":64,"column":30},"end":{"line":64,"column":31}},"loc":{"start":{"line":64,"column":50},"end":{"line":84,"column":3}}},"5":{"name":"(anonymous_6)","decl":{"start":{"line":66,"column":45},"end":{"line":66,"column":46}},"loc":{"start":{"line":66,"column":76},"end":{"line":79,"column":7}}},"6":{"name":"generateKeyPair","decl":{"start":{"line":87,"column":24},"end":{"line":87,"column":39}},"loc":{"start":{"line":87,"column":58},"end":{"line":95,"column":1}}}},"branchMap":{"0":{"loc":{"start":{"line":24,"column":8},"end":{"line":28,"column":null}},"type":"if","locations":[{"start":{"line":24,"column":8},"end":{"line":28,"column":null}}]},"1":{"loc":{"start":{"line":67,"column":8},"end":{"line":71,"column":null}},"type":"if","locations":[{"start":{"line":67,"column":8},"end":{"line":71,"column":null}}]},"2":{"loc":{"start":{"line":88,"column":2},"end":{"line":94,"column":null}},"type":"if","locations":[{"start":{"line":88,"column":2},"end":{"line":94,"column":null}},{"start":{"line":90,"column":9},"end":{"line":94,"column":null}}]},"3":{"loc":{"start":{"line":90,"column":9},"end":{"line":94,"column":null}},"type":"if","locations":[{"start":{"line":90,"column":9},"end":{"line":94,"column":null}},{"start":{"line":92,"column":9},"end":{"line":94,"column":null}}]}},"s":{"0":2,"1":2,"2":5,"3":5,"4":5,"5":5,"6":5,"7":0,"8":5,"9":5,"10":5,"11":0,"12":0,"13":2,"14":2,"15":0,"16":0,"17":0,"18":0,"19":0,"20":0,"21":0,"22":0,"23":0,"24":0,"25":0,"26":2,"27":1,"28":0,"29":1,"30":1,"31":0,"32":2},"f":{"0":5,"1":5,"2":5,"3":0,"4":0,"5":0,"6":1},"b":{"0":[0],"1":[0],"2":[0,1],"3":[1,0]}}
,"/Volumes/Extreme SSD/projects/signing-service-challenge-ts/src/crypto/rsa.ts": {"path":"/Volumes/Extreme SSD/projects/signing-service-challenge-ts/src/crypto/rsa.ts","statementMap":{"0":{"start":{"line":2,"column":0},"end":{"line":2,"column":28}},"1":{"start":{"line":7,"column":4},"end":{"line":19,"column":null}},"2":{"start":{"line":8,"column":21},"end":{"line":11,"column":null}},"3":{"start":{"line":13,"column":22},"end":{"line":13,"column":51}},"4":{"start":{"line":14,"column":6},"end":{"line":14,"column":61}},"5":{"start":{"line":15,"column":6},"end":{"line":15,"column":42}},"6":{"start":{"line":17,"column":6},"end":{"line":17,"column":21}},"7":{"start":{"line":18,"column":6},"end":{"line":18,"column":14}},"8":{"start":{"line":5,"column":0},"end":{"line":5,"column":13}}},"fnMap":{"0":{"name":"(anonymous_1)","decl":{"start":{"line":6,"column":2},"end":{"line":6,"column":6}},"loc":{"start":{"line":6,"column":47},"end":{"line":20,"column":3}}}},"branchMap":{},"s":{"0":1,"1":0,"2":0,"3":0,"4":0,"5":0,"6":0,"7":0,"8":1},"f":{"0":0},"b":{}}
,"/Volumes/Extreme SSD/projects/signing-service-challenge-ts/src/domain/device.ts": {"path":"/Volumes/Extreme SSD/projects/signing-service-challenge-ts/src/domain/device.ts","statementMap":{"0":{"start":{"line":3,"column":0},"end":{"line":3,"column":null}},"1":{"start":{"line":4,"column":2},"end":{"line":4,"column":null}},"2":{"start":{"line":5,"column":2},"end":{"line":5,"column":null}}},"fnMap":{"0":{"name":"(anonymous_0)","decl":{"start":{"line":3,"column":0},"end":{"line":3,"column":12}},"loc":{"start":{"line":3,"column":25},"end":{"line":6,"column":1}}}},"branchMap":{"0":{"loc":{"start":{"line":3,"column":12},"end":{"line":3,"column":null}},"type":"binary-expr","locations":[{"start":{"line":3,"column":12},"end":{"line":3,"column":25}},{"start":{"line":3,"column":12},"end":{"line":3,"column":null}}]}},"s":{"0":2,"1":2,"2":2},"f":{"0":2},"b":{"0":[2,2]}}
,"/Volumes/Extreme SSD/projects/signing-service-challenge-ts/src/persistence/inMemory.ts": {"path":"/Volumes/Extreme SSD/projects/signing-service-challenge-ts/src/persistence/inMemory.ts","statementMap":{"0":{"start":{"line":1,"column":0},"end":{"line":1,"column":25}},"1":{"start":{"line":4,"column":18},"end":{"line":4,"column":31}},"2":{"start":{"line":7,"column":2},"end":{"line":17,"column":5}},"3":{"start":{"line":8,"column":4},"end":{"line":15,"column":null}},"4":{"start":{"line":9,"column":6},"end":{"line":13,"column":null}},"5":{"start":{"line":11,"column":8},"end":{"line":11,"column":53}},"6":{"start":{"line":11,"column":25},"end":{"line":11,"column":46}},"7":{"start":{"line":12,"column":8},"end":{"line":12,"column":15}},"8":{"start":{"line":14,"column":6},"end":{"line":14,"column":16}},"9":{"start":{"line":16,"column":4},"end":{"line":16,"column":17}},"10":{"start":{"line":21,"column":2},"end":{"line":26,"column":5}},"11":{"start":{"line":22,"column":4},"end":{"line":22,"column":23}},"12":{"start":{"line":22,"column":13},"end":{"line":22,"column":23}},"13":{"start":{"line":23,"column":4},"end":{"line":25,"column":7}},"14":{"start":{"line":24,"column":6},"end":{"line":24,"column":25}},"15":{"start":{"line":24,"column":15},"end":{"line":24,"column":25}},"16":{"start":{"line":39,"column":10},"end":{"line":39,"column":39}},"17":{"start":{"line":42,"column":4},"end":{"line":42,"column":16}},"18":{"start":{"line":46,"column":4},"end":{"line":55,"column":7}},"19":{"start":{"line":47,"column":6},"end":{"line":53,"column":null}},"20":{"start":{"line":48,"column":21},"end":{"line":48,"column":51}},"21":{"start":{"line":49,"column":8},"end":{"line":49,"column":48}},"22":{"start":{"line":52,"column":8},"end":{"line":52,"column":23}},"23":{"start":{"line":54,"column":6},"end":{"line":54,"column":22}},"24":{"start":{"line":59,"column":4},"end":{"line":63,"column":7}},"25":{"start":{"line":60,"column":19},"end":{"line":60,"column":44}},"26":{"start":{"line":61,"column":6},"end":{"line":61,"column":44}},"27":{"start":{"line":62,"column":6},"end":{"line":62,"column":22}},"28":{"start":{"line":67,"column":4},"end":{"line":67,"column":52}},"29":{"start":{"line":67,"column":36},"end":{"line":67,"column":50}},"30":{"start":{"line":71,"column":18},"end":{"line":71,"column":68}},"31":{"start":{"line":71,"column":48},"end":{"line":71,"column":67}},"32":{"start":{"line":72,"column":4},"end":{"line":76,"column":null}},"33":{"start":{"line":73,"column":6},"end":{"line":73,"column":27}},"34":{"start":{"line":75,"column":6},"end":{"line":75,"column":30}},"35":{"start":{"line":77,"column":4},"end":{"line":77,"column":16}},"36":{"start":{"line":81,"column":18},"end":{"line":81,"column":63}},"37":{"start":{"line":81,"column":48},"end":{"line":81,"column":62}},"38":{"start":{"line":82,"column":4},"end":{"line":85,"column":null}},"39":{"start":{"line":83,"column":6},"end":{"line":83,"column":33}},"40":{"start":{"line":84,"column":6},"end":{"line":84,"column":18}},"41":{"start":{"line":89,"column":4},"end":{"line":89,"column":19}},"42":{"start":{"line":90,"column":4},"end":{"line":90,"column":16}},"43":{"start":{"line":94,"column":18},"end":{"line":94,"column":63}},"44":{"start":{"line":94,"column":48},"end":{"line":94,"column":62}},"45":{"start":{"line":95,"column":4},"end":{"line":98,"column":null}},"46":{"start":{"line":96,"column":6},"end":{"line":96,"column":33}},"47":{"start":{"line":97,"column":6},"end":{"line":97,"column":18}},"48":{"start":{"line":102,"column":4},"end":{"line":102,"column":26}},"49":{"start":{"line":106,"column":0},"end":{"line":106,"column":35}}},"fnMap":{"0":{"name":"acquireLock","decl":{"start":{"line":6,"column":9},"end":{"line":6,"column":20}},"loc":{"start":{"line":6,"column":34},"end":{"line":18,"column":1}}},"1":{"name":"(anonymous_7)","decl":{"start":{"line":7,"column":27},"end":{"line":7,"column":28}},"loc":{"start":{"line":7,"column":39},"end":{"line":17,"column":3}}},"2":{"name":"(anonymous_8)","decl":{"start":{"line":11,"column":19},"end":{"line":11,"column":22}},"loc":{"start":{"line":11,"column":25},"end":{"line":11,"column":46}}},"3":{"name":"releaseLock","decl":{"start":{"line":20,"column":9},"end":{"line":20,"column":20}},"loc":{"start":{"line":20,"column":28},"end":{"line":27,"column":1}}},"4":{"name":"(anonymous_10)","decl":{"start":{"line":21,"column":15},"end":{"line":21,"column":16}},"loc":{"start":{"line":21,"column":23},"end":{"line":26,"column":3}}},"5":{"name":"(anonymous_11)","decl":{"start":{"line":23,"column":25},"end":{"line":23,"column":26}},"loc":{"start":{"line":23,"column":33},"end":{"line":25,"column":5}}},"6":{"name":"(anonymous_12)","decl":{"start":{"line":41,"column":2},"end":{"line":41,"column":null}},"loc":{"start":{"line":41,"column":2},"end":{"line":43,"column":3}}},"7":{"name":"(anonymous_13)","decl":{"start":{"line":45,"column":10},"end":{"line":45,"column":14}},"loc":{"start":{"line":45,"column":14},"end":{"line":56,"column":3}}},"8":{"name":"(anonymous_14)","decl":{"start":{"line":46,"column":16},"end":{"line":46,"column":17}},"loc":{"start":{"line":46,"column":28},"end":{"line":55,"column":5}}},"9":{"name":"(anonymous_15)","decl":{"start":{"line":58,"column":10},"end":{"line":58,"column":14}},"loc":{"start":{"line":58,"column":14},"end":{"line":64,"column":3}}},"10":{"name":"(anonymous_16)","decl":{"start":{"line":59,"column":16},"end":{"line":59,"column":17}},"loc":{"start":{"line":59,"column":28},"end":{"line":63,"column":5}}},"11":{"name":"(anonymous_17)","decl":{"start":{"line":66,"column":2},"end":{"line":66,"column":7}},"loc":{"start":{"line":66,"column":22},"end":{"line":68,"column":3}}},"12":{"name":"(anonymous_18)","decl":{"start":{"line":67,"column":26},"end":{"line":67,"column":27}},"loc":{"start":{"line":67,"column":36},"end":{"line":67,"column":50}}},"13":{"name":"(anonymous_19)","decl":{"start":{"line":70,"column":2},"end":{"line":70,"column":7}},"loc":{"start":{"line":70,"column":33},"end":{"line":78,"column":3}}},"14":{"name":"(anonymous_20)","decl":{"start":{"line":71,"column":38},"end":{"line":71,"column":39}},"loc":{"start":{"line":71,"column":48},"end":{"line":71,"column":67}}},"15":{"name":"(anonymous_21)","decl":{"start":{"line":80,"column":2},"end":{"line":80,"column":7}},"loc":{"start":{"line":80,"column":22},"end":{"line":86,"column":3}}},"16":{"name":"(anonymous_22)","decl":{"start":{"line":81,"column":38},"end":{"line":81,"column":39}},"loc":{"start":{"line":81,"column":48},"end":{"line":81,"column":62}}},"17":{"name":"(anonymous_23)","decl":{"start":{"line":88,"column":2},"end":{"line":88,"column":7}},"loc":{"start":{"line":88,"column":13},"end":{"line":91,"column":3}}},"18":{"name":"(anonymous_24)","decl":{"start":{"line":93,"column":2},"end":{"line":93,"column":7}},"loc":{"start":{"line":93,"column":25},"end":{"line":99,"column":3}}},"19":{"name":"(anonymous_25)","decl":{"start":{"line":94,"column":38},"end":{"line":94,"column":39}},"loc":{"start":{"line":94,"column":48},"end":{"line":94,"column":62}}},"20":{"name":"(anonymous_26)","decl":{"start":{"line":101,"column":2},"end":{"line":101,"column":7}},"loc":{"start":{"line":101,"column":14},"end":{"line":103,"column":3}}}},"branchMap":{"0":{"loc":{"start":{"line":8,"column":4},"end":{"line":15,"column":null}},"type":"if","locations":[{"start":{"line":8,"column":4},"end":{"line":15,"column":null}}]},"1":{"loc":{"start":{"line":9,"column":6},"end":{"line":13,"column":null}},"type":"if","locations":[{"start":{"line":9,"column":6},"end":{"line":13,"column":null}}]},"2":{"loc":{"start":{"line":22,"column":4},"end":{"line":22,"column":23}},"type":"if","locations":[{"start":{"line":22,"column":4},"end":{"line":22,"column":23}}]},"3":{"loc":{"start":{"line":24,"column":6},"end":{"line":24,"column":25}},"type":"if","locations":[{"start":{"line":24,"column":6},"end":{"line":24,"column":25}}]},"4":{"loc":{"start":{"line":72,"column":4},"end":{"line":76,"column":null}},"type":"if","locations":[{"start":{"line":72,"column":4},"end":{"line":76,"column":null}},{"start":{"line":74,"column":11},"end":{"line":76,"column":null}}]},"5":{"loc":{"start":{"line":82,"column":4},"end":{"line":85,"column":null}},"type":"if","locations":[{"start":{"line":82,"column":4},"end":{"line":85,"column":null}}]},"6":{"loc":{"start":{"line":95,"column":4},"end":{"line":98,"column":null}},"type":"if","locations":[{"start":{"line":95,"column":4},"end":{"line":98,"column":null}}]}},"s":{"0":2,"1":2,"2":20,"3":13,"4":11,"5":11,"6":0,"7":11,"8":0,"9":2,"10":2,"11":2,"12":0,"13":2,"14":2,"15":0,"16":5,"17":5,"18":5,"19":1,"20":1,"21":1,"22":0,"23":1,"24":15,"25":1,"26":1,"27":1,"28":5,"29":4,"30":7,"31":1,"32":7,"33":6,"34":1,"35":7,"36":0,"37":0,"38":0,"39":0,"40":0,"41":4,"42":4,"43":4,"44":4,"45":4,"46":4,"47":4,"48":0,"49":2},"f":{"0":20,"1":13,"2":0,"3":2,"4":2,"5":2,"6":5,"7":5,"8":1,"9":15,"10":1,"11":5,"12":4,"13":7,"14":1,"15":0,"16":0,"17":4,"18":4,"19":4,"20":0},"b":{"0":[11],"1":[11],"2":[0],"3":[0],"4":[6,1],"5":[0],"6":[4]}}
}
