TN:
SF:src/api/createSignatureDevice.ts
FN:5,createSignatureDevice
FNF:1
FNH:1
FNDA:4,createSignatureDevice
DA:1,1
DA:5,1
DA:11,4
DA:12,1
DA:15,3
DA:16,1
DA:19,2
DA:20,0
DA:22,2
DA:24,2
DA:25,1
DA:28,1
DA:29,1
DA:30,1
DA:32,0
DA:33,0
DA:36,1
DA:37,1
DA:46,0
DA:47,0
DA:50,1
LF:21
LH:16
BRDA:11,0,0,1
BRDA:11,1,0,4
BRDA:11,1,1,3
BRDA:15,2,0,1
BRDA:15,3,0,3
BRDA:15,3,1,1
BRDA:19,4,0,0
BRDA:19,5,0,2
BRDA:19,5,1,0
BRDA:24,6,0,1
BRF:10
BRH:8
end_of_record
TN:
SF:src/api/signTransaction.ts
FN:7,signTransaction
FNF:1
FNH:1
FNDA:4,signTransaction
DA:1,1
DA:3,1
DA:4,1
DA:7,1
DA:12,4
DA:13,1
DA:16,3
DA:17,1
DA:20,2
DA:22,2
DA:23,1
DA:27,1
DA:29,1
DA:30,1
DA:32,0
DA:33,0
DA:35,0
DA:38,1
DA:39,1
DA:40,1
DA:41,1
DA:42,1
DA:45,0
DA:46,0
DA:49,1
DA:51,1
DA:53,1
DA:54,1
DA:56,1
DA:57,1
DA:63,0
DA:64,0
DA:67,1
LF:33
LH:26
BRDA:12,0,0,1
BRDA:12,1,0,4
BRDA:12,1,1,3
BRDA:16,2,0,1
BRDA:16,3,0,3
BRDA:16,3,1,2
BRDA:22,4,0,1
BRDA:27,5,0,1
BRDA:27,5,1,0
BRDA:27,5,2,0
BRDA:40,6,0,1
BRDA:40,7,0,1
BRDA:40,7,1,1
BRDA:51,8,0,1
BRDA:51,8,1,1
BRF:15
BRH:13
end_of_record
TN:
SF:src/crypto/ecdsa.ts
FN:6,(anonymous_1)
FNF:1
FNH:1
FNDA:1,(anonymous_1)
DA:2,1
DA:5,1
DA:7,1
DA:8,1
DA:13,1
DA:14,1
DA:15,1
DA:17,0
DA:18,0
LF:9
LH:7
BRF:0
BRH:0
end_of_record
TN:
SF:src/crypto/generation.ts
FN:8,(anonymous_1)
FN:21,(anonymous_2)
FN:23,(anonymous_3)
FN:48,(anonymous_4)
FN:64,(anonymous_5)
FN:66,(anonymous_6)
FN:87,generateKeyPair
FNF:7
FNH:4
FNDA:5,(anonymous_1)
FNDA:5,(anonymous_2)
FNDA:5,(anonymous_3)
FNDA:0,(anonymous_4)
FNDA:0,(anonymous_5)
FNDA:0,(anonymous_6)
FNDA:1,generateKeyPair
DA:1,2
DA:8,2
DA:9,5
DA:21,5
DA:22,5
DA:23,5
DA:24,5
DA:25,0
DA:30,5
DA:38,5
DA:39,5
DA:42,0
DA:43,0
DA:48,2
DA:49,0
DA:64,0
DA:65,0
DA:66,0
DA:67,0
DA:68,0
DA:73,0
DA:77,0
DA:78,0
DA:81,0
DA:82,0
DA:87,2
DA:88,1
DA:89,0
DA:90,1
DA:91,1
DA:93,0
LF:31
LH:15
BRDA:24,0,0,0
BRDA:67,1,0,0
BRDA:88,2,0,0
BRDA:88,2,1,1
BRDA:90,3,0,1
BRDA:90,3,1,0
BRF:6
BRH:2
end_of_record
TN:
SF:src/crypto/rsa.ts
FN:6,(anonymous_1)
FNF:1
FNH:0
FNDA:0,(anonymous_1)
DA:2,1
DA:5,1
DA:7,0
DA:8,0
DA:13,0
DA:14,0
DA:15,0
DA:17,0
DA:18,0
LF:9
LH:2
BRF:0
BRH:0
end_of_record
TN:
SF:src/domain/device.ts
FN:3,(anonymous_0)
FNF:1
FNH:1
FNDA:2,(anonymous_0)
DA:3,2
DA:4,2
DA:5,2
LF:3
LH:3
BRDA:3,0,0,2
BRDA:3,0,1,2
BRF:2
BRH:2
end_of_record
TN:
SF:src/persistence/inMemory.ts
FN:6,acquireLock
FN:7,(anonymous_7)
FN:11,(anonymous_8)
FN:20,releaseLock
FN:21,(anonymous_10)
FN:23,(anonymous_11)
FN:41,(anonymous_12)
FN:45,(anonymous_13)
FN:46,(anonymous_14)
FN:58,(anonymous_15)
FN:59,(anonymous_16)
FN:66,(anonymous_17)
FN:67,(anonymous_18)
FN:70,(anonymous_19)
FN:71,(anonymous_20)
FN:80,(anonymous_21)
FN:81,(anonymous_22)
FN:88,(anonymous_23)
FN:93,(anonymous_24)
FN:94,(anonymous_25)
FN:101,(anonymous_26)
FNF:21
FNH:17
FNDA:20,acquireLock
FNDA:13,(anonymous_7)
FNDA:0,(anonymous_8)
FNDA:2,releaseLock
FNDA:2,(anonymous_10)
FNDA:2,(anonymous_11)
FNDA:5,(anonymous_12)
FNDA:5,(anonymous_13)
FNDA:1,(anonymous_14)
FNDA:15,(anonymous_15)
FNDA:1,(anonymous_16)
FNDA:5,(anonymous_17)
FNDA:4,(anonymous_18)
FNDA:7,(anonymous_19)
FNDA:1,(anonymous_20)
FNDA:0,(anonymous_21)
FNDA:0,(anonymous_22)
FNDA:4,(anonymous_23)
FNDA:4,(anonymous_24)
FNDA:4,(anonymous_25)
FNDA:0,(anonymous_26)
DA:1,2
DA:4,2
DA:7,20
DA:8,13
DA:9,11
DA:11,11
DA:12,11
DA:14,0
DA:16,2
DA:21,2
DA:22,2
DA:23,2
DA:24,2
DA:39,5
DA:42,5
DA:46,5
DA:47,1
DA:48,1
DA:49,1
DA:52,0
DA:54,1
DA:59,15
DA:60,1
DA:61,1
DA:62,1
DA:67,5
DA:71,7
DA:72,7
DA:73,6
DA:75,1
DA:77,7
DA:81,0
DA:82,0
DA:83,0
DA:84,0
DA:89,4
DA:90,4
DA:94,4
DA:95,4
DA:96,4
DA:97,4
DA:102,0
DA:106,2
LF:43
LH:36
BRDA:8,0,0,11
BRDA:9,1,0,11
BRDA:22,2,0,0
BRDA:24,3,0,0
BRDA:72,4,0,6
BRDA:72,4,1,1
BRDA:82,5,0,0
BRDA:95,6,0,4
BRF:8
BRH:5
end_of_record
